<?xml version="1.0" encoding="UTF-8" ?>
<testsuite errors="0" failures="0" hostname="USD1600636" name="hello_world.HelloWorldServiceSpec" tests="22" time="0.81" timestamp="2017-05-24T17:48:52">
  <properties />
  <testcase classname="hello_world.HelloWorldServiceSpec" name="test registerAccount null username" time="0.263" />
  <testcase classname="hello_world.HelloWorldServiceSpec" name="test registerAccount null password" time="0.028" />
  <testcase classname="hello_world.HelloWorldServiceSpec" name="test registerAccount user already registered" time="0.033" />
  <testcase classname="hello_world.HelloWorldServiceSpec" name="test registerAccount user not yet registered" time="0.022" />
  <testcase classname="hello_world.HelloWorldServiceSpec" name="test tryLogIn null username" time="0.028" />
  <testcase classname="hello_world.HelloWorldServiceSpec" name="test tryLogIn null password" time="0.022" />
  <testcase classname="hello_world.HelloWorldServiceSpec" name="test tryLogIn user already registered" time="0.023" />
  <testcase classname="hello_world.HelloWorldServiceSpec" name="test tryLogIn user not yet registered" time="0.021" />
  <testcase classname="hello_world.HelloWorldServiceSpec" name="test addPasswordEntry null username" time="0.025" />
  <testcase classname="hello_world.HelloWorldServiceSpec" name="test addPasswordEntry null password" time="0.018" />
  <testcase classname="hello_world.HelloWorldServiceSpec" name="test addPasswordEntry null accountName" time="0.016" />
  <testcase classname="hello_world.HelloWorldServiceSpec" name="test addPasswordEntry duplicate accountName" time="0.021" />
  <testcase classname="hello_world.HelloWorldServiceSpec" name="test addPasswordEntry user not yet registered" time="0.021" />
  <testcase classname="hello_world.HelloWorldServiceSpec" name="test addPasswordEntry add new password valid" time="0.028" />
  <testcase classname="hello_world.HelloWorldServiceSpec" name="test editPasswordEntry null id" time="0.04" />
  <testcase classname="hello_world.HelloWorldServiceSpec" name="test editPasswordEntry null accountName" time="0.045" />
  <testcase classname="hello_world.HelloWorldServiceSpec" name="test editPasswordEntry null password (aka only change accountName)" time="0.025" />
  <testcase classname="hello_world.HelloWorldServiceSpec" name="test editPasswordEntry all valid" time="0.021" />
  <testcase classname="hello_world.HelloWorldServiceSpec" name="test editPasswordEntry invalid id" time="0.017" />
  <testcase classname="hello_world.HelloWorldServiceSpec" name="test removePasswordEntry invalid id" time="0.032" />
  <testcase classname="hello_world.HelloWorldServiceSpec" name="test removePasswordEntry valid id" time="0.028" />
  <testcase classname="hello_world.HelloWorldServiceSpec" name="test removePasswordEntry try to remove twice" time="0.022" />
  <system-out><![CDATA[--Output from test registerAccount null username--
--Output from test registerAccount null password--
--Output from test registerAccount user already registered--
--Output from test registerAccount user not yet registered--
--Output from test tryLogIn null username--
--Output from test tryLogIn null password--
--Output from test tryLogIn user already registered--
--Output from test tryLogIn user not yet registered--
--Output from test addPasswordEntry null username--
--Output from test addPasswordEntry null password--
--Output from test addPasswordEntry null accountName--
--Output from test addPasswordEntry duplicate accountName--
--Output from test addPasswordEntry user not yet registered--
--Output from test addPasswordEntry add new password valid--
--Output from test editPasswordEntry null id--
--Output from test editPasswordEntry null accountName--
--Output from test editPasswordEntry null password (aka only change accountName)--
--Output from test editPasswordEntry all valid--
--Output from test editPasswordEntry invalid id--
--Output from test removePasswordEntry invalid id--
--Output from test removePasswordEntry valid id--
--Output from test removePasswordEntry try to remove twice--
]]></system-out>
  <system-err><![CDATA[--Output from test registerAccount null username--
--Output from test registerAccount null password--
--Output from test registerAccount user already registered--
--Output from test registerAccount user not yet registered--
--Output from test tryLogIn null username--
--Output from test tryLogIn null password--
--Output from test tryLogIn user already registered--
--Output from test tryLogIn user not yet registered--
--Output from test addPasswordEntry null username--
--Output from test addPasswordEntry null password--
--Output from test addPasswordEntry null accountName--
--Output from test addPasswordEntry duplicate accountName--
--Output from test addPasswordEntry user not yet registered--
--Output from test addPasswordEntry add new password valid--
--Output from test editPasswordEntry null id--
--Output from test editPasswordEntry null accountName--
--Output from test editPasswordEntry null password (aka only change accountName)--
--Output from test editPasswordEntry all valid--
--Output from test editPasswordEntry invalid id--
--Output from test removePasswordEntry invalid id--
--Output from test removePasswordEntry valid id--
--Output from test removePasswordEntry try to remove twice--
]]></system-err>
</testsuite>
