<?xml version="1.0" encoding="UTF-8" ?>
<testsuite errors="4" failures="0" hostname="USD1600636" name="hello_world.HelloWorldServiceSpec" tests="22" time="2.33" timestamp="2017-05-31T17:37:24">
  <properties />
  <testcase classname="hello_world.HelloWorldServiceSpec" name="test registerAccount null username" time="0.809" />
  <testcase classname="hello_world.HelloWorldServiceSpec" name="test registerAccount null password" time="0.068" />
  <testcase classname="hello_world.HelloWorldServiceSpec" name="test registerAccount user already registered" time="0.065" />
  <testcase classname="hello_world.HelloWorldServiceSpec" name="test registerAccount user not yet registered" time="0.049" />
  <testcase classname="hello_world.HelloWorldServiceSpec" name="test tryLogIn null username" time="0.06" />
  <testcase classname="hello_world.HelloWorldServiceSpec" name="test tryLogIn null password" time="0.037" />
  <testcase classname="hello_world.HelloWorldServiceSpec" name="test tryLogIn user already registered" time="0.062" />
  <testcase classname="hello_world.HelloWorldServiceSpec" name="test tryLogIn user not yet registered" time="0.059" />
  <testcase classname="hello_world.HelloWorldServiceSpec" name="test addPasswordEntry null username" time="0.072">
    <error message="Some input was null." type="java.lang.Throwable">java.lang.Throwable: Some input was null.
	at hello_world.HelloWorldService.$tt__addPasswordEntry(HelloWorldService.groovy:51)
	at hello_world.HelloWorldServiceSpec.test addPasswordEntry null username(HelloWorldServiceSpec.groovy:113)
</error>
  </testcase>
  <testcase classname="hello_world.HelloWorldServiceSpec" name="test addPasswordEntry null password" time="0.06">
    <error message="Some input was null." type="java.lang.Throwable">java.lang.Throwable: Some input was null.
	at hello_world.HelloWorldService.$tt__addPasswordEntry(HelloWorldService.groovy:51)
	at hello_world.HelloWorldServiceSpec.test addPasswordEntry null password(HelloWorldServiceSpec.groovy:125)
</error>
  </testcase>
  <testcase classname="hello_world.HelloWorldServiceSpec" name="test addPasswordEntry null accountName" time="0.078">
    <error message="Some input was null." type="java.lang.Throwable">java.lang.Throwable: Some input was null.
	at hello_world.HelloWorldService.$tt__addPasswordEntry(HelloWorldService.groovy:51)
	at hello_world.HelloWorldServiceSpec.test addPasswordEntry null accountName(HelloWorldServiceSpec.groovy:137)
</error>
  </testcase>
  <testcase classname="hello_world.HelloWorldServiceSpec" name="test addPasswordEntry duplicate accountName" time="0.083" />
  <testcase classname="hello_world.HelloWorldServiceSpec" name="test addPasswordEntry user not yet registered" time="0.09">
    <error message="User not registered." type="java.lang.Throwable">java.lang.Throwable: User not registered.
	at hello_world.HelloWorldService.$tt__addPasswordEntry(HelloWorldService.groovy:54)
	at hello_world.HelloWorldServiceSpec.test addPasswordEntry user not yet registered(HelloWorldServiceSpec.groovy:161)
</error>
  </testcase>
  <testcase classname="hello_world.HelloWorldServiceSpec" name="test addPasswordEntry add new password valid" time="0.098" />
  <testcase classname="hello_world.HelloWorldServiceSpec" name="test editPasswordEntry null id" time="0.152" />
  <testcase classname="hello_world.HelloWorldServiceSpec" name="test editPasswordEntry null accountName" time="0.132" />
  <testcase classname="hello_world.HelloWorldServiceSpec" name="test editPasswordEntry null password (aka only change accountName)" time="0.057" />
  <testcase classname="hello_world.HelloWorldServiceSpec" name="test editPasswordEntry all valid" time="0.052" />
  <testcase classname="hello_world.HelloWorldServiceSpec" name="test editPasswordEntry invalid id" time="0.047" />
  <testcase classname="hello_world.HelloWorldServiceSpec" name="test removePasswordEntry invalid id" time="0.073" />
  <testcase classname="hello_world.HelloWorldServiceSpec" name="test removePasswordEntry valid id" time="0.063" />
  <testcase classname="hello_world.HelloWorldServiceSpec" name="test removePasswordEntry try to remove twice" time="0.048" />
  <system-out><![CDATA[--Output from test registerAccount null username--
--Output from test registerAccount null password--
--Output from test registerAccount user already registered--
--Output from test registerAccount user not yet registered--
--Output from test tryLogIn null username--
--Output from test tryLogIn null password--
--Output from test tryLogIn user already registered--
--Output from test tryLogIn user not yet registered--
--Output from test addPasswordEntry null username--
--Output from test addPasswordEntry null password--
--Output from test addPasswordEntry null accountName--
--Output from test addPasswordEntry duplicate accountName--
--Output from test addPasswordEntry user not yet registered--
--Output from test addPasswordEntry add new password valid--
--Output from test editPasswordEntry null id--
--Output from test editPasswordEntry null accountName--
--Output from test editPasswordEntry null password (aka only change accountName)--
--Output from test editPasswordEntry all valid--
--Output from test editPasswordEntry invalid id--
--Output from test removePasswordEntry invalid id--
--Output from test removePasswordEntry valid id--
--Output from test removePasswordEntry try to remove twice--
]]></system-out>
  <system-err><![CDATA[--Output from test registerAccount null username--
--Output from test registerAccount null password--
--Output from test registerAccount user already registered--
--Output from test registerAccount user not yet registered--
--Output from test tryLogIn null username--
--Output from test tryLogIn null password--
--Output from test tryLogIn user already registered--
--Output from test tryLogIn user not yet registered--
--Output from test addPasswordEntry null username--
--Output from test addPasswordEntry null password--
--Output from test addPasswordEntry null accountName--
--Output from test addPasswordEntry duplicate accountName--
--Output from test addPasswordEntry user not yet registered--
--Output from test addPasswordEntry add new password valid--
--Output from test editPasswordEntry null id--
--Output from test editPasswordEntry null accountName--
--Output from test editPasswordEntry null password (aka only change accountName)--
--Output from test editPasswordEntry all valid--
--Output from test editPasswordEntry invalid id--
--Output from test removePasswordEntry invalid id--
--Output from test removePasswordEntry valid id--
--Output from test removePasswordEntry try to remove twice--
]]></system-err>
</testsuite>
